# JRE version: Java(TM) SE Runtime Environment (8.0_66-b18) (build 1.8.0_66-b18)
# Java VM: Java HotSpot(TM) 64-Bit Server VM (25.66-b18 mixed mode windows-amd64 compressed oops)
Heap:
 PSYoungGen      total 100864K, used 75778K [0x00000000f5580000, 0x00000000fc380000, 0x0000000100000000)
  eden space 90624K, 75% used [0x00000000f5580000,0x00000000f9868c20,0x00000000fae00000)
  from space 10240K, 70% used [0x00000000fae00000,0x00000000fb517e80,0x00000000fb800000)
  to   space 10752K, 0% used [0x00000000fb900000,0x00000000fb900000,0x00000000fc380000)
 ParOldGen       total 136704K, used 81497K [0x00000000e0000000, 0x00000000e8580000, 0x00000000f5580000)
  object space 136704K, 59% used [0x00000000e0000000,0x00000000e4f96658,0x00000000e8580000)
 Metaspace       used 103253K, capacity 111446K, committed 111872K, reserved 1146880K
  class space    used 11677K, capacity 14192K, committed 14336K, reserved 1048576K
GC Heap History (10 events):
Event: 107126.949 GC heap before
{Heap before GC invocations=377 (full 6):
 PSYoungGen      total 100352K, used 97669K [0x00000000f5580000, 0x00000000fc380000, 0x0000000100000000)
  eden space 89600K, 100% used [0x00000000f5580000,0x00000000fad00000,0x00000000fad00000)
  from space 10752K, 75% used [0x00000000fb800000,0x00000000fbfe1610,0x00000000fc280000)
  to   space 11264K, 0% used [0x00000000fad00000,0x00000000fad00000,0x00000000fb800000)
 ParOldGen       total 136704K, used 80813K [0x00000000e0000000, 0x00000000e8580000, 0x00000000f5580000)
  object space 136704K, 59% used [0x00000000e0000000,0x00000000e4eeb4d8,0x00000000e8580000)
 Metaspace       used 102522K, capacity 110742K, committed 111104K, reserved 1146880K
  class space    used 11586K, capacity 14028K, committed 14080K, reserved 1048576K
Event: 107127.053 GC heap after
Heap after GC invocations=377 (full 6):
 PSYoungGen      total 100864K, used 8358K [0x00000000f5580000, 0x00000000fc380000, 0x0000000100000000)
  eden space 89600K, 0% used [0x00000000f5580000,0x00000000f5580000,0x00000000fad00000)
  from space 11264K, 74% used [0x00000000fad00000,0x00000000fb529b80,0x00000000fb800000)
  to   space 11264K, 0% used [0x00000000fb880000,0x00000000fb880000,0x00000000fc380000)
 ParOldGen       total 136704K, used 80985K [0x00000000e0000000, 0x00000000e8580000, 0x00000000f5580000)
  object space 136704K, 59% used [0x00000000e0000000,0x00000000e4f16558,0x00000000e8580000)
 Metaspace       used 102522K, capacity 110742K, committed 111104K, reserved 1146880K
  class space    used 11586K, capacity 14028K, committed 14080K, reserved 1048576K
}
Event: 107662.562 GC heap before
{Heap before GC invocations=378 (full 6):
 PSYoungGen      total 100864K, used 97958K [0x00000000f5580000, 0x00000000fc380000, 0x0000000100000000)
  eden space 89600K, 100% used [0x00000000f5580000,0x00000000fad00000,0x00000000fad00000)
  from space 11264K, 74% used [0x00000000fad00000,0x00000000fb529b80,0x00000000fb800000)
  to   space 11264K, 0% used [0x00000000fb880000,0x00000000fb880000,0x00000000fc380000)
 ParOldGen       total 136704K, used 80985K [0x00000000e0000000, 0x00000000e8580000, 0x00000000f5580000)
  object space 136704K, 59% used [0x00000000e0000000,0x00000000e4f16558,0x00000000e8580000)
 Metaspace       used 102523K, capacity 110742K, committed 111104K, reserved 1146880K
  class space    used 11586K, capacity 14028K, committed 14080K, reserved 1048576K
Event: 107662.629 GC heap after
Heap after GC invocations=378 (full 6):
 PSYoungGen      total 101376K, used 5055K [0x00000000f5580000, 0x00000000fc380000, 0x0000000100000000)
  eden space 90112K, 0% used [0x00000000f5580000,0x00000000f5580000,0x00000000fad80000)
  from space 11264K, 44% used [0x00000000fb880000,0x00000000fbd6fd50,0x00000000fc380000)
  to   space 11264K, 0% used [0x00000000fad80000,0x00000000fad80000,0x00000000fb880000)
 ParOldGen       total 136704K, used 81221K [0x00000000e0000000, 0x00000000e8580000, 0x00000000f5580000)
  object space 136704K, 59% used [0x00000000e0000000,0x00000000e4f515d8,0x00000000e8580000)
 Metaspace       used 102523K, capacity 110742K, committed 111104K, reserved 1146880K
  class space    used 11586K, capacity 14028K, committed 14080K, reserved 1048576K
}
Event: 107694.894 GC heap before
{Heap before GC invocations=379 (full 6):
 PSYoungGen      total 101376K, used 95167K [0x00000000f5580000, 0x00000000fc380000, 0x0000000100000000)
  eden space 90112K, 100% used [0x00000000f5580000,0x00000000fad80000,0x00000000fad80000)
  from space 11264K, 44% used [0x00000000fb880000,0x00000000fbd6fd50,0x00000000fc380000)
  to   space 11264K, 0% used [0x00000000fad80000,0x00000000fad80000,0x00000000fb880000)
 ParOldGen       total 136704K, used 81221K [0x00000000e0000000, 0x00000000e8580000, 0x00000000f5580000)
  object space 136704K, 59% used [0x00000000e0000000,0x00000000e4f515d8,0x00000000e8580000)
 Metaspace       used 102523K, capacity 110742K, committed 111104K, reserved 1146880K
  class space    used 11586K, capacity 14028K, committed 14080K, reserved 1048576K
Event: 107694.940 GC heap after
Heap after GC invocations=379 (full 6):
 PSYoungGen      total 101376K, used 5487K [0x00000000f5580000, 0x00000000fc300000, 0x0000000100000000)
  eden space 90112K, 0% used [0x00000000f5580000,0x00000000f5580000,0x00000000fad80000)
  from space 11264K, 48% used [0x00000000fad80000,0x00000000fb2dbd40,0x00000000fb880000)
  to   space 10752K, 0% used [0x00000000fb880000,0x00000000fb880000,0x00000000fc300000)
 ParOldGen       total 136704K, used 81301K [0x00000000e0000000, 0x00000000e8580000, 0x00000000f5580000)
  object space 136704K, 59% used [0x00000000e0000000,0x00000000e4f655d8,0x00000000e8580000)
 Metaspace       used 102523K, capacity 110742K, committed 111104K, reserved 1146880K
  class space    used 11586K, capacity 14028K, committed 14080K, reserved 1048576K
}
Event: 107786.705 GC heap before
{Heap before GC invocations=380 (full 6):
 PSYoungGen      total 101376K, used 95599K [0x00000000f5580000, 0x00000000fc300000, 0x0000000100000000)
  eden space 90112K, 100% used [0x00000000f5580000,0x00000000fad80000,0x00000000fad80000)
  from space 11264K, 48% used [0x00000000fad80000,0x00000000fb2dbd40,0x00000000fb880000)
  to   space 10752K, 0% used [0x00000000fb880000,0x00000000fb880000,0x00000000fc300000)
 ParOldGen       total 136704K, used 81301K [0x00000000e0000000, 0x00000000e8580000, 0x00000000f5580000)
  object space 136704K, 59% used [0x00000000e0000000,0x00000000e4f655d8,0x00000000e8580000)
 Metaspace       used 102527K, capacity 110742K, committed 111104K, reserved 1146880K
  class space    used 11586K, capacity 14028K, committed 14080K, reserved 1048576K
Event: 107786.743 GC heap after
Heap after GC invocations=380 (full 6):
 PSYoungGen      total 100352K, used 5839K [0x00000000f5580000, 0x00000000fc200000, 0x0000000100000000)
  eden space 90624K, 0% used [0x00000000f5580000,0x00000000f5580000,0x00000000fae00000)
  from space 9728K, 60% used [0x00000000fb880000,0x00000000fbe33d40,0x00000000fc200000)
  to   space 10240K, 0% used [0x00000000fae00000,0x00000000fae00000,0x00000000fb800000)
 ParOldGen       total 136704K, used 81481K [0x00000000e0000000, 0x00000000e8580000, 0x00000000f5580000)
  object space 136704K, 59% used [0x00000000e0000000,0x00000000e4f92658,0x00000000e8580000)
 Metaspace       used 102527K, capacity 110742K, committed 111104K, reserved 1146880K
  class space    used 11586K, capacity 14028K, committed 14080K, reserved 1048576K
}
Event: 111216.340 GC heap before
{Heap before GC invocations=381 (full 6):
 PSYoungGen      total 100352K, used 96463K [0x00000000f5580000, 0x00000000fc200000, 0x0000000100000000)
  eden space 90624K, 100% used [0x00000000f5580000,0x00000000fae00000,0x00000000fae00000)
  from space 9728K, 60% used [0x00000000fb880000,0x00000000fbe33d40,0x00000000fc200000)
  to   space 10240K, 0% used [0x00000000fae00000,0x00000000fae00000,0x00000000fb800000)
 ParOldGen       total 136704K, used 81481K [0x00000000e0000000, 0x00000000e8580000, 0x00000000f5580000)
  object space 136704K, 59% used [0x00000000e0000000,0x00000000e4f92658,0x00000000e8580000)
 Metaspace       used 102548K, capacity 110742K, committed 111104K, reserved 1146880K
  class space    used 11587K, capacity 14028K, committed 14080K, reserved 1048576K
Event: 111216.402 GC heap after
Heap after GC invocations=381 (full 6):
 PSYoungGen      total 100864K, used 7263K [0x00000000f5580000, 0x00000000fc380000, 0x0000000100000000)
  eden space 90624K, 0% used [0x00000000f5580000,0x00000000f5580000,0x00000000fae00000)
  from space 10240K, 70% used [0x00000000fae00000,0x00000000fb517e80,0x00000000fb800000)
  to   space 10752K, 0% used [0x00000000fb900000,0x00000000fb900000,0x00000000fc380000)
 ParOldGen       total 136704K, used 81497K [0x00000000e0000000, 0x00000000e8580000, 0x00000000f5580000)
  object space 136704K, 59% used [0x00000000e0000000,0x00000000e4f96658,0x00000000e8580000)
 Metaspace       used 102548K, capacity 110742K, committed 111104K, reserved 1146880K
  class space    used 11587K, capacity 14028K, committed 14080K, reserved 1048576K
}

